Arguments: 
  /Users/RyanYu/.nvm/versions/node/v8.9.4/bin/node /usr/local/Cellar/yarn/1.2.1/libexec/bin/yarn.js publish

PATH: 
  /Users/RyanYu/.nvm/versions/node/v8.9.4/bin:/Users/RyanYu/bin:/usr/bin:/usr/local/bin:/usr/local/bin:/usr/bin:/bin:/usr/sbin:/sbin:/opt/X11/bin:/Users/RyanYu/n/bin

Yarn version: 
  1.2.1

Node version: 
  8.9.4

Platform: 
  darwin x64

npm manifest: 
  {
    "name": "react-native-awesome-marquee",
    "version": "1.0.4",
    "description": "Awesome marquee",
    "main": "index.js",
    "repository": "https://github.com/ryanyu104/react-native-awesome-marquee.git",
    "author": "Ryan Yu",
    "license": "MIT",
    "private": false,
    "keywords": [
      "react-native",
      "react",
      "marquee",
      "vertical-marquee"
    ]
  }

yarn manifest: 
  No manifest

Lockfile: 
  No lockfile

Trace: 
  Error: https://registry.yarnpkg.com/react-native-awesome-marquee: you must verify your email before publishing a new package: https://www.npmjs.com/email-edit
      at Request.params.callback [as _callback] (/usr/local/Cellar/yarn/1.2.1/libexec/lib/cli.js:62027:18)
      at Request.self.callback (/usr/local/Cellar/yarn/1.2.1/libexec/lib/cli.js:123011:22)
      at emitTwo (events.js:126:13)
      at Request.emit (events.js:214:7)
      at Request.<anonymous> (/usr/local/Cellar/yarn/1.2.1/libexec/lib/cli.js:123994:10)
      at emitOne (events.js:116:13)
      at Request.emit (events.js:211:7)
      at Gunzip.<anonymous> (/usr/local/Cellar/yarn/1.2.1/libexec/lib/cli.js:123914:12)
      at Object.onceWrapper (events.js:313:30)
      at emitNone (events.js:111:20)
